  Application.cpp
C:\Users\Thomas Popay\source\repos\Wave\OpenGL\src\Application.cpp(32,39): warning C4244: '=': conversion from 'double' to 'int', possible loss of data
C:\Users\Thomas Popay\source\repos\Wave\OpenGL\src\Application.cpp(33,39): warning C4244: '=': conversion from 'double' to 'int', possible loss of data
C:\Users\Thomas Popay\source\repos\Wave\OpenGL\src\Application.cpp(91,44): warning C4244: 'argument': conversion from 'double' to 'float', possible loss of data
C:\Users\Thomas Popay\source\repos\Wave\OpenGL\src\Application.cpp(91,29): warning C4244: 'argument': conversion from 'double' to 'float', possible loss of data
C:\Users\Thomas Popay\source\repos\Wave\OpenGL\src\Application.cpp(92,70): warning C4244: 'argument': conversion from 'double' to 'float', possible loss of data
C:\Users\Thomas Popay\source\repos\Wave\OpenGL\src\Application.cpp(92,59): warning C4244: 'argument': conversion from 'double' to 'float', possible loss of data
C:\Users\Thomas Popay\source\repos\Wave\OpenGL\src\Application.cpp(92,54): warning C4244: 'argument': conversion from 'double' to 'float', possible loss of data
C:\Users\Thomas Popay\source\repos\Wave\OpenGL\src\Application.cpp(92,33): warning C4244: 'argument': conversion from 'double' to 'float', possible loss of data
C:\Users\Thomas Popay\source\repos\Wave\OpenGL\src\Application.cpp(60,67): warning C4101: 'negXPos': unreferenced local variable
C:\Users\Thomas Popay\source\repos\Wave\OpenGL\src\Application.cpp(60,61): warning C4101: 'xPos': unreferenced local variable
C:\Users\Thomas Popay\source\repos\Wave\OpenGL\src\Application.cpp(60,76): warning C4101: 'negYPos': unreferenced local variable
C:\Users\Thomas Popay\source\repos\Wave\OpenGL\src\Application.cpp(60,55): warning C4101: 'yPos': unreferenced local variable
LINK : warning LNK4098: defaultlib 'LIBCMT' conflicts with use of other libs; use /NODEFAULTLIB:library
  Generating code
  0 of 278 functions ( 0.0%) were compiled, the rest were copied from previous compilation.
    0 functions were new in current compilation
    0 functions had inline decision re-evaluated but remain unchanged
  Finished generating code
glew32s.lib(glew.obj) : warning LNK4099: PDB 'vc120.pdb' was not found with 'glew32s.lib(glew.obj)' or at 'C:\Users\Thomas Popay\source\repos\Wave\OpenGL\Release\vc120.pdb'; linking object as if no debug info
  OpenGL.vcxproj -> C:\Users\Thomas Popay\source\repos\Wave\OpenGL\Release\Template.exe
